This is pdfTeX, Version 3.141592653-2.6-1.40.26 (TeX Live 2024) (preloaded format=pdflatex 2024.9.6)  1 OCT 2024 09:47
entering extended mode
 restricted \write18 enabled.
 %&-line parsing enabled.
**G10-BAI5.tex
(./G10-BAI5.tex
LaTeX2e <2023-11-01> patch level 1
L3 programming layer <2024-02-20>

! LaTeX Error: Missing \begin{document}.

See the LaTeX manual or LaTeX Companion for explanation.
Type  H <return>  for immediate help.
 ...                                              
                                                  
l.1 \begin{center}
                  \textbf{\color{red}LUY·ªÜN T·∫¨P}\\
You're in trouble here.  Try typing  <return>  to proceed.
If that doesn't work, type  X <return>  to quit.


Overfull \hbox (20.0pt too wide) in paragraph at lines 1--1
[] 
 []

! Undefined control sequence.
<recently read> \color 
                       
l.1 ...in{center}\textbf{\color{red}LUY·ªÜN T·∫¨P}
                                                  \\
The control sequence at the end of the top line
of your error message was never \def'ed. If you have
misspelled it (e.g., `\hobx'), type `I' and the correct
spelling (e.g., `I\hbox'). Otherwise just continue,
and I'll forget about whatever was undefined.


! LaTeX Error: Unicode character ·ªÜ (U+1EC6)
               not set up for use with LaTeX.

See the LaTeX manual or LaTeX Companion for explanation.
Type  H <return>  for immediate help.
 ...                                              
                                                  
l.1 ...in{center}\textbf{\color{red}LUY·ªÜN T·∫¨P}
                                                  \\
You may provide a definition with
\DeclareUnicodeCharacter 


! LaTeX Error: Unicode character ·∫¨ (U+1EAC)
               not set up for use with LaTeX.

See the LaTeX manual or LaTeX Companion for explanation.
Type  H <return>  for immediate help.
 ...                                              
                                                  
l.1 ...in{center}\textbf{\color{red}LUY·ªÜN T·∫¨P}
                                                  \\
You may provide a definition with
\DeclareUnicodeCharacter 


Overfull \hbox (49.85391pt too wide) in paragraph at lines 1--1
 \OT1/cmr/bx/n/10 redLUYN 
 []


Overfull \hbox (15.86102pt too wide) in paragraph at lines 1--1
 \OT1/cmr/bx/n/10 TP 
 []


! LaTeX Error: Unicode character ·ªÇ (U+1EC2)
               not set up for use with LaTeX.

See the LaTeX manual or LaTeX Companion for explanation.
Type  H <return>  for immediate help.
 ...                                              
                                                  
l.2 ...xtbf{B√†i 5. CHUY·ªÇN ƒê·ªòNG T·ªîNG H·ª¢P}
                                                  
You may provide a definition with
\DeclareUnicodeCharacter 


! LaTeX Error: Command \DJ unavailable in encoding OT1.

See the LaTeX manual or LaTeX Companion for explanation.
Type  H <return>  for immediate help.
 ...                                              
                                                  
l.2 ...xtbf{B√†i 5. CHUY·ªÇN ƒê·ªòNG T·ªîNG H·ª¢P}
                                                  
Your command was ignored.
Type  I <command> <return>  to replace it with another command,
or  <return>  to continue without it.


! LaTeX Error: Unicode character ·ªò (U+1ED8)
               not set up for use with LaTeX.

See the LaTeX manual or LaTeX Companion for explanation.
Type  H <return>  for immediate help.
 ...                                              
                                                  
l.2 ...xtbf{B√†i 5. CHUY·ªÇN ƒê·ªòNG T·ªîNG H·ª¢P}
                                                  
You may provide a definition with
\DeclareUnicodeCharacter 


! LaTeX Error: Unicode character ·ªî (U+1ED4)
               not set up for use with LaTeX.

See the LaTeX manual or LaTeX Companion for explanation.
Type  H <return>  for immediate help.
 ...                                              
                                                  
l.2 ...xtbf{B√†i 5. CHUY·ªÇN ƒê·ªòNG T·ªîNG H·ª¢P}
                                                  
You may provide a definition with
\DeclareUnicodeCharacter 


! LaTeX Error: Unicode character ·ª¢ (U+1EE2)
               not set up for use with LaTeX.

See the LaTeX manual or LaTeX Companion for explanation.
Type  H <return>  for immediate help.
 ...                                              
                                                  
l.2 ...xtbf{B√†i 5. CHUY·ªÇN ƒê·ªòNG T·ªîNG H·ª¢P}
                                                  
You may provide a definition with
\DeclareUnicodeCharacter 


Overfull \hbox (16.96516pt too wide) in paragraph at lines 2--3
 []\OT1/cmr/bx/n/10 B^^Rai 
 []


Overfull \hbox (8.9444pt too wide) in paragraph at lines 2--3
 \OT1/cmr/bx/n/10 5. 
 []


Overfull \hbox (43.84698pt too wide) in paragraph at lines 2--3
 \OT1/cmr/bx/n/10 CHUYN 
 []


Overfull \hbox (18.04156pt too wide) in paragraph at lines 2--3
 \OT1/cmr/bx/n/10 NG 
 []


Overfull \hbox (26.04152pt too wide) in paragraph at lines 2--3
 \OT1/cmr/bx/n/10 TNG 
 []


Overfull \hbox (16.86102pt too wide) in paragraph at lines 2--3
 \OT1/cmr/bx/n/10 HP 
 []

! Undefined control sequence.
l.4 \section
            {TR·∫ÆC NGHI·ªÜM}
The control sequence at the end of the top line
of your error message was never \def'ed. If you have
misspelled it (e.g., `\hobx'), type `I' and the correct
spelling (e.g., `I\hbox'). Otherwise just continue,
and I'll forget about whatever was undefined.

Missing character: There is no T in font nullfont!
Missing character: There is no R in font nullfont!

! LaTeX Error: Unicode character ·∫Æ (U+1EAE)
               not set up for use with LaTeX.

See the LaTeX manual or LaTeX Companion for explanation.
Type  H <return>  for immediate help.
 ...                                              
                                                  
l.4 \section{TR·∫Æ
                  C NGHI·ªÜM}
You may provide a definition with
\DeclareUnicodeCharacter 

Missing character: There is no C in font nullfont!
Missing character: There is no N in font nullfont!
Missing character: There is no G in font nullfont!
Missing character: There is no H in font nullfont!
Missing character: There is no I in font nullfont!

! LaTeX Error: Unicode character ·ªÜ (U+1EC6)
               not set up for use with LaTeX.

See the LaTeX manual or LaTeX Companion for explanation.
Type  H <return>  for immediate help.
 ...                                              
                                                  
l.4 \section{TR·∫ÆC NGHI·ªÜ
                           M}
You may provide a definition with
\DeclareUnicodeCharacter 

Missing character: There is no M in font nullfont!
! Undefined control sequence.
l.5 \Opensolutionfile
                     {ans}[ans/BAI5-TN]
The control sequence at the end of the top line
of your error message was never \def'ed. If you have
misspelled it (e.g., `\hobx'), type `I' and the correct
spelling (e.g., `I\hbox'). Otherwise just continue,
and I'll forget about whatever was undefined.

Missing character: There is no a in font nullfont!
Missing character: There is no n in font nullfont!
Missing character: There is no s in font nullfont!
Missing character: There is no [ in font nullfont!
Missing character: There is no a in font nullfont!
Missing character: There is no n in font nullfont!
Missing character: There is no s in font nullfont!
Missing character: There is no / in font nullfont!
Missing character: There is no B in font nullfont!
Missing character: There is no A in font nullfont!
Missing character: There is no I in font nullfont!
Missing character: There is no 5 in font nullfont!
Missing character: There is no - in font nullfont!
Missing character: There is no T in font nullfont!
Missing character: There is no N in font nullfont!
Missing character: There is no ] in font nullfont!

! LaTeX Error: Environment ex undefined.

See the LaTeX manual or LaTeX Companion for explanation.
Type  H <return>  for immediate help.
 ...                                              
                                                  
l.7 \begin{ex}
              
Your command was ignored.
Type  I <command> <return>  to replace it with another command,
or  <return>  to continue without it.

Missing character: There is no M in font nullfont!

! LaTeX Error: Unicode character ·ªô (U+1ED9)
               not set up for use with LaTeX.

See the LaTeX manual or LaTeX Companion for explanation.
Type  H <return>  for immediate help.
 ...                                              
                                                  
l.8 M·ªô
        t ng∆∞·ªùi ƒëi xe m√°y t·ª´ nh√† ƒë·∫øn b·∫øn xe bus c√°ch nh√† $\SI...

You may provide a definition with
\DeclareUnicodeCharacter 

Missing character: There is no t in font nullfont!
Missing character: There is no n in font nullfont!
Missing character: There is no g in font nullfont!

! LaTeX Error: Unicode character ∆∞ (U+01B0)
               not set up for use with LaTeX.

See the LaTeX manual or LaTeX Companion for explanation.
Type  H <return>  for immediate help.
 ...                                              
                                                  
l.8 M·ªôt ng∆∞
              ·ªùi ƒëi xe m√°y t·ª´ nh√† ƒë·∫øn b·∫øn xe bus c√°ch nh√† $\SI...

You may provide a definition with
\DeclareUnicodeCharacter 


! LaTeX Error: Unicode character ·ªù (U+1EDD)
               not set up for use with LaTeX.

See the LaTeX manual or LaTeX Companion for explanation.
Type  H <return>  for immediate help.
 ...                                              
                                                  
l.8 M·ªôt ng∆∞·ªù
                 i ƒëi xe m√°y t·ª´ nh√† ƒë·∫øn b·∫øn xe bus c√°ch nh√† $\SI...

You may provide a definition with
\DeclareUnicodeCharacter 

Missing character: There is no i in font nullfont!

! LaTeX Error: Command \dj unavailable in encoding .

See the LaTeX manual or LaTeX Companion for explanation.
Type  H <return>  for immediate help.
 ...                                              
                                                  
l.8 M·ªôt ng∆∞·ªùi ƒë
                     i xe m√°y t·ª´ nh√† ƒë·∫øn b·∫øn xe bus c√°ch nh√† $\SI...

Your command was ignored.
Type  I <command> <return>  to replace it with another command,
or  <return>  to continue without it.

Missing character: There is no i in font nullfont!
Missing character: There is no x in font nullfont!
Missing character: There is no e in font nullfont!
Missing character: There is no m in font nullfont!
LaTeX Font Info:    Trying to load font information for +cmr on input line 8.
LaTeX Font Info:    No file cmr.fd. on input line 8.

LaTeX Font Warning: Font shape `/cmr/m/n' undefined
(Font)              using `/cmr/m/n' instead on input line 8.

! Corrupted NFSS tables.
wrong@fontshape ...message {Corrupted NFSS tables}
                                                  error@fontshape else let f...
l.8 M·ªôt ng∆∞·ªùi ƒëi xe m√°
                             y t·ª´ nh√† ƒë·∫øn b·∫øn xe bus c√°ch nh√† $\SI...
This error message was generated by an \errmessage
command, so I can't give any explicit help.
Pretend that you're Hercule Poirot: Examine all clues,
and deduce the truth by order and method.


LaTeX Font Warning: Font shape `/cmr/m/n' undefined
(Font)              using `OT1/cmr/m/n' instead on input line 8.

Missing character: There is no y in font nullfont!
Missing character: There is no t in font nullfont!

! LaTeX Error: Unicode character ·ª´ (U+1EEB)
               not set up for use with LaTeX.

See the LaTeX manual or LaTeX Companion for explanation.
Type  H <return>  for immediate help.
 ...                                              
                                                  
l.8 M·ªôt ng∆∞·ªùi ƒëi xe m√°y t·ª´
                                    nh√† ƒë·∫øn b·∫øn xe bus c√°ch nh√† $\SI...

You may provide a definition with
\DeclareUnicodeCharacter 

Missing character: There is no n in font nullfont!
Missing character: There is no h in font nullfont!

! LaTeX Error: Command \dj unavailable in encoding .

See the LaTeX manual or LaTeX Companion for explanation.
Type  H <return>  for immediate help.
 ...                                              
                                                  
l.8 M·ªôt ng∆∞·ªùi ƒëi xe m√°y t·ª´ nh√† ƒë
                                           ·∫øn b·∫øn xe bus c√°ch nh√† $\SI...

Your command was ignored.
Type  I <command> <return>  to replace it with another command,
or  <return>  to continue without it.


! LaTeX Error: Unicode character ·∫ø (U+1EBF)
               not set up for use with LaTeX.

See the LaTeX manual or LaTeX Companion for explanation.
Type  H <return>  for immediate help.
 ...                                              
                                                  
l.8 M·ªôt ng∆∞·ªùi ƒëi xe m√°y t·ª´ nh√† ƒë·∫ø
                                              n b·∫øn xe bus c√°ch nh√† $\SI...

You may provide a definition with
\DeclareUnicodeCharacter 

Missing character: There is no n in font nullfont!
Missing character: There is no b in font nullfont!

! LaTeX Error: Unicode character ·∫ø (U+1EBF)
               not set up for use with LaTeX.

See the LaTeX manual or LaTeX Companion for explanation.
Type  H <return>  for immediate help.
 ...                                              
                                                  
l.8 ... ng∆∞·ªùi ƒëi xe m√°y t·ª´ nh√† ƒë·∫øn b·∫ø
                                                  n xe bus c√°ch nh√† $\SI{6...

You may provide a definition with
\DeclareUnicodeCharacter 

Missing character: There is no n in font nullfont!
Missing character: There is no x in font nullfont!
Missing character: There is no e in font nullfont!
Missing character: There is no b in font nullfont!
Missing character: There is no u in font nullfont!
Missing character: There is no s in font nullfont!
Missing character: There is no c in font nullfont!
Missing character: There is no c in font nullfont!
Missing character: There is no h in font nullfont!
Missing character: There is no n in font nullfont!
Missing character: There is no h in font nullfont!
LaTeX Font Info:    External font `cmex10' loaded for size
(Font)              <7> on input line 8.
LaTeX Font Info:    External font `cmex10' loaded for size
(Font)              <5> on input line 8.
! Undefined control sequence.
<recently read> \SI 
                    
l.8 ...ª´ nh√† ƒë·∫øn b·∫øn xe bus c√°ch nh√† $\SI
                                                  {6}{\kilo\meter}$ v·ªÅ ph√...
The control sequence at the end of the top line
of your error message was never \def'ed. If you have
misspelled it (e.g., `\hobx'), type `I' and the correct
spelling (e.g., `I\hbox'). Otherwise just continue,
and I'll forget about whatever was undefined.

! Undefined control sequence.
l.8 ...ë·∫øn b·∫øn xe bus c√°ch nh√† $\SI{6}{\kilo
                                                  \meter}$ v·ªÅ ph√≠a ƒê√¥ng...
The control sequence at the end of the top line
of your error message was never \def'ed. If you have
misspelled it (e.g., `\hobx'), type `I' and the correct
spelling (e.g., `I\hbox'). Otherwise just continue,
and I'll forget about whatever was undefined.

! Undefined control sequence.
l.8 ...b·∫øn xe bus c√°ch nh√† $\SI{6}{\kilo\meter
                                                  }$ v·ªÅ ph√≠a ƒê√¥ng. Ng∆∞...
The control sequence at the end of the top line
of your error message was never \def'ed. If you have
misspelled it (e.g., `\hobx'), type `I' and the correct
spelling (e.g., `I\hbox'). Otherwise just continue,
and I'll forget about whatever was undefined.

Missing character: There is no v in font nullfont!

! LaTeX Error: Unicode character ·ªÅ (U+1EC1)
               not set up for use with LaTeX.

See the LaTeX manual or LaTeX Companion for explanation.
Type  H <return>  for immediate help.
 ...                                              
                                                  
l.8 ...e bus c√°ch nh√† $\SI{6}{\kilo\meter}$ v·ªÅ
                                                   ph√≠a ƒê√¥ng. Ng∆∞·ªùi ƒë...

You may provide a definition with
\DeclareUnicodeCharacter 

Missing character: There is no p in font nullfont!
Missing character: There is no h in font nullfont!
Missing character: There is no a in font nullfont!

! LaTeX Error: Command \DJ unavailable in encoding .

See the LaTeX manual or LaTeX Companion for explanation.
Type  H <return>  for immediate help.
 ...                                              
                                                  
l.8 ...ch nh√† $\SI{6}{\kilo\meter}$ v·ªÅ ph√≠a ƒê
                                                  √¥ng. Ng∆∞·ªùi ƒë√≥ ti·∫øp...

Your command was ignored.
Type  I <command> <return>  to replace it with another command,
or  <return>  to continue without it.

Missing character: There is no n in font nullfont!
Missing character: There is no g in font nullfont!
Missing character: There is no . in font nullfont!
Missing character: There is no N in font nullfont!
Missing character: There is no g in font nullfont!

! LaTeX Error: Unicode character ∆∞ (U+01B0)
               not set up for use with LaTeX.

See the LaTeX manual or LaTeX Companion for explanation.
Type  H <return>  for immediate help.
 ...                                              
                                                  
l.8 ...SI{6}{\kilo\meter}$ v·ªÅ ph√≠a ƒê√¥ng. Ng∆∞
                                                  ·ªùi ƒë√≥ ti·∫øp t·ª•c l√™...

You may provide a definition with
\DeclareUnicodeCharacter 


! LaTeX Error: Unicode character ·ªù (U+1EDD)
               not set up for use with LaTeX.

See the LaTeX manual or LaTeX Companion for explanation.
Type  H <return>  for immediate help.
 ...                                              
                                                  
l.8 ...6}{\kilo\meter}$ v·ªÅ ph√≠a ƒê√¥ng. Ng∆∞·ªù
                                                  i ƒë√≥ ti·∫øp t·ª•c l√™n x...

You may provide a definition with
\DeclareUnicodeCharacter 

Missing character: There is no i in font nullfont!

! LaTeX Error: Command \dj unavailable in encoding .

See the LaTeX manual or LaTeX Companion for explanation.
Type  H <return>  for immediate help.
 ...                                              
                                                  
l.8 ...kilo\meter}$ v·ªÅ ph√≠a ƒê√¥ng. Ng∆∞·ªùi ƒë
                                                  √≥ ti·∫øp t·ª•c l√™n xe bu...

Your command was ignored.
Type  I <command> <return>  to replace it with another command,
or  <return>  to continue without it.

Missing character: There is no t in font nullfont!
Missing character: There is no i in font nullfont!

! LaTeX Error: Unicode character ·∫ø (U+1EBF)
               not set up for use with LaTeX.

See the LaTeX manual or LaTeX Companion for explanation.
Type  H <return>  for immediate help.
 ...                                              
                                                  
l.8 ...er}$ v·ªÅ ph√≠a ƒê√¥ng. Ng∆∞·ªùi ƒë√≥ ti·∫ø
                                                  p t·ª•c l√™n xe bus ƒëi ti...

You may provide a definition with
\DeclareUnicodeCharacter 

Missing character: There is no p in font nullfont!
Missing character: There is no t in font nullfont!

! LaTeX Error: Unicode character ·ª• (U+1EE5)
               not set up for use with LaTeX.

See the LaTeX manual or LaTeX Companion for explanation.
Type  H <return>  for immediate help.
 ...                                              
                                                  
l.8 ...·ªÅ ph√≠a ƒê√¥ng. Ng∆∞·ªùi ƒë√≥ ti·∫øp t·ª•
                                                  c l√™n xe bus ƒëi ti·∫øp $...

You may provide a definition with
\DeclareUnicodeCharacter 

Missing character: There is no c in font nullfont!
Missing character: There is no l in font nullfont!
Missing character: There is no n in font nullfont!
Missing character: There is no x in font nullfont!
Missing character: There is no e in font nullfont!
Missing character: There is no b in font nullfont!
Missing character: There is no u in font nullfont!
Missing character: There is no s in font nullfont!

! LaTeX Error: Command \dj unavailable in encoding .

See the LaTeX manual or LaTeX Companion for explanation.
Type  H <return>  for immediate help.
 ...                                              
                                                  
l.8 .... Ng∆∞·ªùi ƒë√≥ ti·∫øp t·ª•c l√™n xe bus ƒë
                                                  i ti·∫øp $\SI{6}{\kilo\met...

Your command was ignored.
Type  I <command> <return>  to replace it with another command,
or  <return>  to continue without it.

Missing character: There is no i in font nullfont!
Missing character: There is no t in font nullfont!
Missing character: There is no i in font nullfont!

! LaTeX Error: Unicode character ·∫ø (U+1EBF)
               not set up for use with LaTeX.

See the LaTeX manual or LaTeX Companion for explanation.
Type  H <return>  for immediate help.
 ...                                              
                                                  
l.8 ...ªùi ƒë√≥ ti·∫øp t·ª•c l√™n xe bus ƒëi ti·∫ø
                                                  p $\SI{6}{\kilo\meter}$ v·...

You may provide a definition with
\DeclareUnicodeCharacter 

Missing character: There is no p in font nullfont!
! Undefined control sequence.
<recently read> \SI 
                    
l.8 ...√≥ ti·∫øp t·ª•c l√™n xe bus ƒëi ti·∫øp $\SI
                                                  {6}{\kilo\meter}$ v·ªÅ ph√...
The control sequence at the end of the top line
of your error message was never \def'ed. If you have
misspelled it (e.g., `\hobx'), type `I' and the correct
spelling (e.g., `I\hbox'). Otherwise just continue,
and I'll forget about whatever was undefined.

! Undefined control sequence.
l.8 ... t·ª•c l√™n xe bus ƒëi ti·∫øp $\SI{6}{\kilo
                                                  \meter}$ v·ªÅ ph√≠a B·∫Øc....
The control sequence at the end of the top line
of your error message was never \def'ed. If you have
misspelled it (e.g., `\hobx'), type `I' and the correct
spelling (e.g., `I\hbox'). Otherwise just continue,
and I'll forget about whatever was undefined.

! Undefined control sequence.
l.8 ... l√™n xe bus ƒëi ti·∫øp $\SI{6}{\kilo\meter
                                                  }$ v·ªÅ ph√≠a B·∫Øc. ƒê·ªô...
The control sequence at the end of the top line
of your error message was never \def'ed. If you have
misspelled it (e.g., `\hobx'), type `I' and the correct
spelling (e.g., `I\hbox'). Otherwise just continue,
and I'll forget about whatever was undefined.

Missing character: There is no v in font nullfont!

! LaTeX Error: Unicode character ·ªÅ (U+1EC1)
               not set up for use with LaTeX.

See the LaTeX manual or LaTeX Companion for explanation.
Type  H <return>  for immediate help.
 ...                                              
                                                  
l.8 ...e bus ƒëi ti·∫øp $\SI{6}{\kilo\meter}$ v·ªÅ
                                                   ph√≠a B·∫Øc. ƒê·ªô d·ªãch...

You may provide a definition with
\DeclareUnicodeCharacter 

Missing character: There is no p in font nullfont!
Missing character: There is no h in font nullfont!
Missing character: There is no a in font nullfont!
Missing character: There is no B in font nullfont!

! LaTeX Error: Unicode character ·∫Ø (U+1EAF)
               not set up for use with LaTeX.

See the LaTeX manual or LaTeX Companion for explanation.
Type  H <return>  for immediate help.
 ...                                              
                                                  
l.8 ...i·∫øp $\SI{6}{\kilo\meter}$ v·ªÅ ph√≠a B·∫Ø
                                                  c. ƒê·ªô d·ªãch chuy·ªÉn t...

You may provide a definition with
\DeclareUnicodeCharacter 

Missing character: There is no c in font nullfont!
Missing character: There is no . in font nullfont!

! LaTeX Error: Command \DJ unavailable in encoding .

See the LaTeX manual or LaTeX Companion for explanation.
Type  H <return>  for immediate help.
 ...                                              
                                                  
l.8 ... $\SI{6}{\kilo\meter}$ v·ªÅ ph√≠a B·∫Øc. ƒê
                                                  ·ªô d·ªãch chuy·ªÉn t·ªïng...

Your command was ignored.
Type  I <command> <return>  to replace it with another command,
or  <return>  to continue without it.


! LaTeX Error: Unicode character ·ªô (U+1ED9)
               not set up for use with LaTeX.

See the LaTeX manual or LaTeX Companion for explanation.
Type  H <return>  for immediate help.
 ...                                              
                                                  
l.8 ...SI{6}{\kilo\meter}$ v·ªÅ ph√≠a B·∫Øc. ƒê·ªô
                                                   d·ªãch chuy·ªÉn t·ªïng h·...

You may provide a definition with
\DeclareUnicodeCharacter 

Missing character: There is no d in font nullfont!

! LaTeX Error: Unicode character ·ªã (U+1ECB)
               not set up for use with LaTeX.

See the LaTeX manual or LaTeX Companion for explanation.
Type  H <return>  for immediate help.
 ...                                              
                                                  
l.8 ...{\kilo\meter}$ v·ªÅ ph√≠a B·∫Øc. ƒê·ªô d·ªã
                                                  ch chuy·ªÉn t·ªïng h·ª£p c...

You may provide a definition with
\DeclareUnicodeCharacter 

Missing character: There is no c in font nullfont!
Missing character: There is no h in font nullfont!
Missing character: There is no c in font nullfont!
Missing character: There is no h in font nullfont!
Missing character: There is no u in font nullfont!
Missing character: There is no y in font nullfont!

! LaTeX Error: Unicode character ·ªÉ (U+1EC3)
               not set up for use with LaTeX.

See the LaTeX manual or LaTeX Companion for explanation.
Type  H <return>  for immediate help.
 ...                                              
                                                  
l.8 ...er}$ v·ªÅ ph√≠a B·∫Øc. ƒê·ªô d·ªãch chuy·ªÉ
                                                  n t·ªïng h·ª£p c·ªßa ng∆∞·...

You may provide a definition with
\DeclareUnicodeCharacter 

Missing character: There is no n in font nullfont!
Missing character: There is no t in font nullfont!

! LaTeX Error: Unicode character ·ªï (U+1ED5)
               not set up for use with LaTeX.

See the LaTeX manual or LaTeX Companion for explanation.
Type  H <return>  for immediate help.
 ...                                              
                                                  
l.8 ...·ªÅ ph√≠a B·∫Øc. ƒê·ªô d·ªãch chuy·ªÉn t·ªï
                                                  ng h·ª£p c·ªßa ng∆∞·ªùi n√...

You may provide a definition with
\DeclareUnicodeCharacter 

Missing character: There is no n in font nullfont!
Missing character: There is no g in font nullfont!
Missing character: There is no h in font nullfont!

! LaTeX Error: Unicode character ·ª£ (U+1EE3)
               not set up for use with LaTeX.

See the LaTeX manual or LaTeX Companion for explanation.
Type  H <return>  for immediate help.
 ...                                              
                                                  
l.8 ...≠a B·∫Øc. ƒê·ªô d·ªãch chuy·ªÉn t·ªïng h·ª£
                                                  p c·ªßa ng∆∞·ªùi n√†y l√†	
You may provide a definition with
\DeclareUnicodeCharacter 

Missing character: There is no p in font nullfont!
Missing character: There is no c in font nullfont!

! LaTeX Error: Unicode character ·ªß (U+1EE7)
               not set up for use with LaTeX.

See the LaTeX manual or LaTeX Companion for explanation.
Type  H <return>  for immediate help.
 ...                                              
                                                  
l.8 ...Øc. ƒê·ªô d·ªãch chuy·ªÉn t·ªïng h·ª£p c·ªß
                                                  a ng∆∞·ªùi n√†y l√†	
You may provide a definition with
\DeclareUnicodeCharacter 

Missing character: There is no a in font nullfont!
Missing character: There is no n in font nullfont!
Missing character: There is no g in font nullfont!

! LaTeX Error: Unicode character ∆∞ (U+01B0)
               not set up for use with LaTeX.

See the LaTeX manual or LaTeX Companion for explanation.
Type  H <return>  for immediate help.
 ...                                              
                                                  
l.8 ...·ªô d·ªãch chuy·ªÉn t·ªïng h·ª£p c·ªßa ng∆∞
                                                  ·ªùi n√†y l√†	
You may provide a definition with
\DeclareUnicodeCharacter 


! LaTeX Error: Unicode character ·ªù (U+1EDD)
               not set up for use with LaTeX.

See the LaTeX manual or LaTeX Companion for explanation.
Type  H <return>  for immediate help.
 ...                                              
                                                  
l.8 ... d·ªãch chuy·ªÉn t·ªïng h·ª£p c·ªßa ng∆∞·ªù
                                                  i n√†y l√†	
You may provide a definition with
\DeclareUnicodeCharacter 

Missing character: There is no i in font nullfont!
Missing character: There is no n in font nullfont!
Missing character: There is no y in font nullfont!
Missing character: There is no l in font nullfont!
! Undefined control sequence.
l.9 	\choice
            
The control sequence at the end of the top line
of your error message was never \def'ed. If you have
misspelled it (e.g., `\hobx'), type `I' and the correct
spelling (e.g., `I\hbox'). Otherwise just continue,
and I'll forget about whatever was undefined.

! Undefined control sequence.
<recently read> \SI 
                    
l.10 	{$\SI
           {12}{\kilo\meter}$}
The control sequence at the end of the top line
of your error message was never \def'ed. If you have
misspelled it (e.g., `\hobx'), type `I' and the correct
spelling (e.g., `I\hbox'). Otherwise just continue,
and I'll forget about whatever was undefined.

! Undefined control sequence.
l.10 	{$\SI{12}{\kilo
                     \meter}$}
The control sequence at the end of the top line
of your error message was never \def'ed. If you have
misspelled it (e.g., `\hobx'), type `I' and the correct
spelling (e.g., `I\hbox'). Otherwise just continue,
and I'll forget about whatever was undefined.

! Undefined control sequence.
l.10 	{$\SI{12}{\kilo\meter
                           }$}
The control sequence at the end of the top line
of your error message was never \def'ed. If you have
misspelled it (e.g., `\hobx'), type `I' and the correct
spelling (e.g., `I\hbox'). Otherwise just continue,
and I'll forget about whatever was undefined.

! Undefined control sequence.
<recently read> \SI 
                    
l.11 	{$\SI
           {6}{\kilo\meter}$}
The control sequence at the end of the top line
of your error message was never \def'ed. If you have
misspelled it (e.g., `\hobx'), type `I' and the correct
spelling (e.g., `I\hbox'). Otherwise just continue,
and I'll forget about whatever was undefined.

! Undefined control sequence.
l.11 	{$\SI{6}{\kilo
                    \meter}$}
The control sequence at the end of the top line
of your error message was never \def'ed. If you have
misspelled it (e.g., `\hobx'), type `I' and the correct
spelling (e.g., `I\hbox'). Otherwise just continue,
and I'll forget about whatever was undefined.

! Undefined control sequence.
l.11 	{$\SI{6}{\kilo\meter
                          }$}
The control sequence at the end of the top line
of your error message was never \def'ed. If you have
misspelled it (e.g., `\hobx'), type `I' and the correct
spelling (e.g., `I\hbox'). Otherwise just continue,
and I'll forget about whatever was undefined.

! Undefined control sequence.
l.12 	{\True
             $\xsi{6\sqrt{2}}{\kilo\meter}$}
The control sequence at the end of the top line
of your error message was never \def'ed. If you have
misspelled it (e.g., `\hobx'), type `I' and the correct
spelling (e.g., `I\hbox'). Otherwise just continue,
and I'll forget about whatever was undefined.

! Undefined control sequence.
<recently read> \xsi 
                     
l.12 	{\True $\xsi
                  {6\sqrt{2}}{\kilo\meter}$}
The control sequence at the end of the top line
of your error message was never \def'ed. If you have
misspelled it (e.g., `\hobx'), type `I' and the correct
spelling (e.g., `I\hbox'). Otherwise just continue,
and I'll forget about whatever was undefined.

! Undefined control sequence.
l.12 	{\True $\xsi{6\sqrt{2}}{\kilo
                                   \meter}$}
The control sequence at the end of the top line
of your error message was never \def'ed. If you have
misspelled it (e.g., `\hobx'), type `I' and the correct
spelling (e.g., `I\hbox'). Otherwise just continue,
and I'll forget about whatever was undefined.

! Undefined control sequence.
l.12 	{\True $\xsi{6\sqrt{2}}{\kilo\meter
                                         }$}
The control sequence at the end of the top line
of your error message was never \def'ed. If you have
misspelled it (e.g., `\hobx'), type `I' and the correct
spelling (e.g., `I\hbox'). Otherwise just continue,
and I'll forget about whatever was undefined.

! Undefined control sequence.
<recently read> \SI 
                    
l.13 	{$\SI
           {72}{\kilo\meter}$}
The control sequence at the end of the top line
of your error message was never \def'ed. If you have
misspelled it (e.g., `\hobx'), type `I' and the correct
spelling (e.g., `I\hbox'). Otherwise just continue,
and I'll forget about whatever was undefined.

! Undefined control sequence.
l.13 	{$\SI{72}{\kilo
                     \meter}$}
The control sequence at the end of the top line
of your error message was never \def'ed. If you have
misspelled it (e.g., `\hobx'), type `I' and the correct
spelling (e.g., `I\hbox'). Otherwise just continue,
and I'll forget about whatever was undefined.

! Undefined control sequence.
l.13 	{$\SI{72}{\kilo\meter
                           }$}
The control sequence at the end of the top line
of your error message was never \def'ed. If you have
misspelled it (e.g., `\hobx'), type `I' and the correct
spelling (e.g., `I\hbox'). Otherwise just continue,
and I'll forget about whatever was undefined.

! Undefined control sequence.
l.14 	\loigiai
              {}
The control sequence at the end of the top line
of your error message was never \def'ed. If you have
misspelled it (e.g., `\hobx'), type `I' and the correct
spelling (e.g., `I\hbox'). Otherwise just continue,
and I'll forget about whatever was undefined.


! LaTeX Error: \begin{document} ended by \end{ex}.

See the LaTeX manual or LaTeX Companion for explanation.
Type  H <return>  for immediate help.
 ...                                              
                                                  
l.15 \end{ex}
             
Your command was ignored.
Type  I <command> <return>  to replace it with another command,
or  <return>  to continue without it.


! LaTeX Error: Environment ex undefined.

See the LaTeX manual or LaTeX Companion for explanation.
Type  H <return>  for immediate help.
 ...                                              
                                                  
l.17 \begin{ex}
               
Your command was ignored.
Type  I <command> <return>  to replace it with another command,
or  <return>  to continue without it.

Missing character: There is no G in font nullfont!

! LaTeX Error: Unicode character ·ªç (U+1ECD)
               not set up for use with LaTeX.

See the LaTeX manual or LaTeX Companion for explanation.
Type  H <return>  for immediate help.
 ...                                              
                                                  
l.18 	G·ªç
          i $\vec{v}_{12}$ l√† v·∫≠n t·ªëc c·ªßa v·∫≠t (1) so v·ªõi v·∫≠t (2...

You may provide a definition with
\DeclareUnicodeCharacter 

Missing character: There is no i in font nullfont!
Missing character: There is no l in font nullfont!
Missing character: There is no v in font nullfont!

! LaTeX Error: Unicode character ·∫≠ (U+1EAD)
               not set up for use with LaTeX.

See the LaTeX manual or LaTeX Companion for explanation.
Type  H <return>  for immediate help.
 ...                                              
                                                  
l.18 	G·ªçi $\vec{v}_{12}$ l√† v·∫≠
                                   n t·ªëc c·ªßa v·∫≠t (1) so v·ªõi v·∫≠t (2...

You may provide a definition with
\DeclareUnicodeCharacter 

Missing character: There is no n in font nullfont!
Missing character: There is no t in font nullfont!

! LaTeX Error: Unicode character ·ªë (U+1ED1)
               not set up for use with LaTeX.

See the LaTeX manual or LaTeX Companion for explanation.
Type  H <return>  for immediate help.
 ...                                              
                                                  
l.18 	G·ªçi $\vec{v}_{12}$ l√† v·∫≠n t·ªë
                                         c c·ªßa v·∫≠t (1) so v·ªõi v·∫≠t (2...

You may provide a definition with
\DeclareUnicodeCharacter 

Missing character: There is no c in font nullfont!
Missing character: There is no c in font nullfont!

! LaTeX Error: Unicode character ·ªß (U+1EE7)
               not set up for use with LaTeX.

See the LaTeX manual or LaTeX Companion for explanation.
Type  H <return>  for immediate help.
 ...                                              
                                                  
l.18 	G·ªçi $\vec{v}_{12}$ l√† v·∫≠n t·ªëc c·ªß
                                               a v·∫≠t (1) so v·ªõi v·∫≠t (2...

You may provide a definition with
\DeclareUnicodeCharacter 

Missing character: There is no a in font nullfont!
Missing character: There is no v in font nullfont!

! LaTeX Error: Unicode character ·∫≠ (U+1EAD)
               not set up for use with LaTeX.

See the LaTeX manual or LaTeX Companion for explanation.
Type  H <return>  for immediate help.
 ...                                              
                                                  
l.18 ... $\vec{v}_{12}$ l√† v·∫≠n t·ªëc c·ªßa v·∫≠
                                                  t (1) so v·ªõi v·∫≠t (2), ...

You may provide a definition with
\DeclareUnicodeCharacter 

Missing character: There is no t in font nullfont!
Missing character: There is no ( in font nullfont!
Missing character: There is no 1 in font nullfont!
Missing character: There is no ) in font nullfont!
Missing character: There is no s in font nullfont!
Missing character: There is no o in font nullfont!
Missing character: There is no v in font nullfont!

! LaTeX Error: Unicode character ·ªõ (U+1EDB)
               not set up for use with LaTeX.

See the LaTeX manual or LaTeX Companion for explanation.
Type  H <return>  for immediate help.
 ...                                              
                                                  
l.18 ...}$ l√† v·∫≠n t·ªëc c·ªßa v·∫≠t (1) so v·ªõ
                                                  i v·∫≠t (2), $\vec{v}_{23}...

You may provide a definition with
\DeclareUnicodeCharacter 

Missing character: There is no i in font nullfont!
Missing character: There is no v in font nullfont!

! LaTeX Error: Unicode character ·∫≠ (U+1EAD)
               not set up for use with LaTeX.

See the LaTeX manual or LaTeX Companion for explanation.
Type  H <return>  for immediate help.
 ...                                              
                                                  
l.18 ... v·∫≠n t·ªëc c·ªßa v·∫≠t (1) so v·ªõi v·∫≠
                                                  t (2), $\vec{v}_{23}$ l√† ...

You may provide a definition with
\DeclareUnicodeCharacter 

Missing character: There is no t in font nullfont!
Missing character: There is no ( in font nullfont!
Missing character: There is no 2 in font nullfont!
Missing character: There is no ) in font nullfont!
Missing character: There is no , in font nullfont!
Missing character: There is no l in font nullfont!
Missing character: There is no v in font nullfont!

! LaTeX Error: Unicode character ·∫≠ (U+1EAD)
               not set up for use with LaTeX.

See the LaTeX manual or LaTeX Companion for explanation.
Type  H <return>  for immediate help.
 ...                                              
                                                  
l.18 ...o v·ªõi v·∫≠t (2), $\vec{v}_{23}$ l√† v·∫≠
                                                  n t·ªëc c·ªßa v·∫≠t (2) so...

You may provide a definition with
\DeclareUnicodeCharacter 

Missing character: There is no n in font nullfont!
Missing character: There is no t in font nullfont!

! LaTeX Error: Unicode character ·ªë (U+1ED1)
               not set up for use with LaTeX.

See the LaTeX manual or LaTeX Companion for explanation.
Type  H <return>  for immediate help.
 ...                                              
                                                  
l.18 ...i v·∫≠t (2), $\vec{v}_{23}$ l√† v·∫≠n t·ªë
                                                  c c·ªßa v·∫≠t (2) so v·ªõi...

You may provide a definition with
\DeclareUnicodeCharacter 

Missing character: There is no c in font nullfont!
Missing character: There is no c in font nullfont!

! LaTeX Error: Unicode character ·ªß (U+1EE7)
               not set up for use with LaTeX.

See the LaTeX manual or LaTeX Companion for explanation.
Type  H <return>  for immediate help.
 ...                                              
                                                  
l.18 ...t (2), $\vec{v}_{23}$ l√† v·∫≠n t·ªëc c·ªß
                                                  a v·∫≠t (2) so v·ªõi v·∫≠t...

You may provide a definition with
\DeclareUnicodeCharacter 

Missing character: There is no a in font nullfont!
Missing character: There is no v in font nullfont!

! LaTeX Error: Unicode character ·∫≠ (U+1EAD)
               not set up for use with LaTeX.

See the LaTeX manual or LaTeX Companion for explanation.
Type  H <return>  for immediate help.
 ...                                              
                                                  
l.18 ... $\vec{v}_{23}$ l√† v·∫≠n t·ªëc c·ªßa v·∫≠
                                                  t (2) so v·ªõi v·∫≠t (3), ...

You may provide a definition with
\DeclareUnicodeCharacter 

Missing character: There is no t in font nullfont!
Missing character: There is no ( in font nullfont!
Missing character: There is no 2 in font nullfont!
Missing character: There is no ) in font nullfont!
Missing character: There is no s in font nullfont!
Missing character: There is no o in font nullfont!
Missing character: There is no v in font nullfont!

! LaTeX Error: Unicode character ·ªõ (U+1EDB)
               not set up for use with LaTeX.

See the LaTeX manual or LaTeX Companion for explanation.
Type  H <return>  for immediate help.
 ...                                              
                                                  
l.18 ...}$ l√† v·∫≠n t·ªëc c·ªßa v·∫≠t (2) so v·ªõ
                                                  i v·∫≠t (3), $\vec{v}_{13}...

You may provide a definition with
\DeclareUnicodeCharacter 

Missing character: There is no i in font nullfont!
Missing character: There is no v in font nullfont!

! LaTeX Error: Unicode character ·∫≠ (U+1EAD)
               not set up for use with LaTeX.

See the LaTeX manual or LaTeX Companion for explanation.
Type  H <return>  for immediate help.
 ...                                              
                                                  
l.18 ... v·∫≠n t·ªëc c·ªßa v·∫≠t (2) so v·ªõi v·∫≠
                                                  t (3), $\vec{v}_{13}$ l√† ...

You may provide a definition with
\DeclareUnicodeCharacter 

Missing character: There is no t in font nullfont!
Missing character: There is no ( in font nullfont!
Missing character: There is no 3 in font nullfont!
Missing character: There is no ) in font nullfont!
Missing character: There is no , in font nullfont!
Missing character: There is no l in font nullfont!
Missing character: There is no v in font nullfont!

! LaTeX Error: Unicode character ·∫≠ (U+1EAD)
               not set up for use with LaTeX.

See the LaTeX manual or LaTeX Companion for explanation.
Type  H <return>  for immediate help.
 ...                                              
                                                  
l.18 ...o v·ªõi v·∫≠t (3), $\vec{v}_{13}$ l√† v·∫≠
                                                  n t·ªëc c·ªßa v·∫≠t (1) so...

You may provide a definition with
\DeclareUnicodeCharacter 

Missing character: There is no n in font nullfont!
Missing character: There is no t in font nullfont!

! LaTeX Error: Unicode character ·ªë (U+1ED1)
               not set up for use with LaTeX.

See the LaTeX manual or LaTeX Companion for explanation.
Type  H <return>  for immediate help.
 ...                                              
                                                  
l.18 ...i v·∫≠t (3), $\vec{v}_{13}$ l√† v·∫≠n t·ªë
                                                  c c·ªßa v·∫≠t (1) so v·ªõi...

You may provide a definition with
\DeclareUnicodeCharacter 

Missing character: There is no c in font nullfont!
Missing character: There is no c in font nullfont!

! LaTeX Error: Unicode character ·ªß (U+1EE7)
               not set up for use with LaTeX.

See the LaTeX manual or LaTeX Companion for explanation.
Type  H <return>  for immediate help.
 ...                                              
                                                  
l.18 ...t (3), $\vec{v}_{13}$ l√† v·∫≠n t·ªëc c·ªß
                                                  a v·∫≠t (1) so v·ªõi v·∫≠t...

You may provide a definition with
\DeclareUnicodeCharacter 

Missing character: There is no a in font nullfont!
Missing character: There is no v in font nullfont!

! LaTeX Error: Unicode character ·∫≠ (U+1EAD)
               not set up for use with LaTeX.

See the LaTeX manual or LaTeX Companion for explanation.
Type  H <return>  for immediate help.
 ...                                              
                                                  
l.18 ... $\vec{v}_{13}$ l√† v·∫≠n t·ªëc c·ªßa v·∫≠
                                                  t (1) so v·ªõi v·∫≠t (3). ...

You may provide a definition with
\DeclareUnicodeCharacter 

Missing character: There is no t in font nullfont!
Missing character: There is no ( in font nullfont!
Missing character: There is no 1 in font nullfont!
Missing character: There is no ) in font nullfont!
Missing character: There is no s in font nullfont!
Missing character: There is no o in font nullfont!
Missing character: There is no v in font nullfont!

! LaTeX Error: Unicode character ·ªõ (U+1EDB)
               not set up for use with LaTeX.

See the LaTeX manual or LaTeX Companion for explanation.
Type  H <return>  for immediate help.
 ...                                              
                                                  
l.18 ...}$ l√† v·∫≠n t·ªëc c·ªßa v·∫≠t (1) so v·ªõ
                                                  i v·∫≠t (3). H·ªá th·ª©c ƒ...

You may provide a definition with
\DeclareUnicodeCharacter 

Missing character: There is no i in font nullfont!
Missing character: There is no v in font nullfont!

! LaTeX Error: Unicode character ·∫≠ (U+1EAD)
               not set up for use with LaTeX.

See the LaTeX manual or LaTeX Companion for explanation.
Type  H <return>  for immediate help.
 ...                                              
                                                  
l.18 ... v·∫≠n t·ªëc c·ªßa v·∫≠t (1) so v·ªõi v·∫≠
                                                  t (3). H·ªá th·ª©c ƒë√∫ng l√†

You may provide a definition with
\DeclareUnicodeCharacter 

Missing character: There is no t in font nullfont!
Missing character: There is no ( in font nullfont!
Missing character: There is no 3 in font nullfont!
Missing character: There is no ) in font nullfont!
Missing character: There is no . in font nullfont!
Missing character: There is no H in font nullfont!

! LaTeX Error: Unicode character ·ªá (U+1EC7)
               not set up for use with LaTeX.

See the LaTeX manual or LaTeX Companion for explanation.
Type  H <return>  for immediate help.
 ...                                              
                                                  
l.18 ...c c·ªßa v·∫≠t (1) so v·ªõi v·∫≠t (3). H·ªá
                                                   th·ª©c ƒë√∫ng l√†
You may provide a definition with
\DeclareUnicodeCharacter 

Missing character: There is no t in font nullfont!
Missing character: There is no h in font nullfont!

! LaTeX Error: Unicode character ·ª© (U+1EE9)
               not set up for use with LaTeX.

See the LaTeX manual or LaTeX Companion for explanation.
Type  H <return>  for immediate help.
 ...                                              
                                                  
l.18 ...a v·∫≠t (1) so v·ªõi v·∫≠t (3). H·ªá th·ª©
                                                  c ƒë√∫ng l√†
You may provide a definition with
\DeclareUnicodeCharacter 

Missing character: There is no c in font nullfont!

! LaTeX Error: Command \dj unavailable in encoding .

See the LaTeX manual or LaTeX Companion for explanation.
Type  H <return>  for immediate help.
 ...                                              
                                                  
l.18 ...∫≠t (1) so v·ªõi v·∫≠t (3). H·ªá th·ª©c ƒë
                                                  √∫ng l√†
Your command was ignored.
Type  I <command> <return>  to replace it with another command,
or  <return>  to continue without it.

Missing character: There is no n in font nullfont!
Missing character: There is no g in font nullfont!
Missing character: There is no l in font nullfont!
! Undefined control sequence.
l.19 	\choice
             
The control sequence at the end of the top line
of your error message was never \def'ed. If you have
misspelled it (e.g., `\hobx'), type `I' and the correct
spelling (e.g., `I\hbox'). Otherwise just continue,
and I'll forget about whatever was undefined.

! Undefined control sequence.
l.22 	{\True
             $\vec{v}_{13}=\vec{v}_{12}+\vec{v}_{23}$}
The control sequence at the end of the top line
of your error message was never \def'ed. If you have
misspelled it (e.g., `\hobx'), type `I' and the correct
spelling (e.g., `I\hbox'). Otherwise just continue,
and I'll forget about whatever was undefined.

! Undefined control sequence.
l.24 	\loigiai
              {}
The control sequence at the end of the top line
of your error message was never \def'ed. If you have
misspelled it (e.g., `\hobx'), type `I' and the correct
spelling (e.g., `I\hbox'). Otherwise just continue,
and I'll forget about whatever was undefined.


! LaTeX Error: \begin{document} ended by \end{ex}.

See the LaTeX manual or LaTeX Companion for explanation.
Type  H <return>  for immediate help.
 ...                                              
                                                  
l.25 \end{ex}
             
Your command was ignored.
Type  I <command> <return>  to replace it with another command,
or  <return>  to continue without it.


! LaTeX Error: Environment ex undefined.

See the LaTeX manual or LaTeX Companion for explanation.
Type  H <return>  for immediate help.
 ...                                              
                                                  
l.27 \begin{ex}
               
Your command was ignored.
Type  I <command> <return>  to replace it with another command,
or  <return>  to continue without it.

Missing character: There is no M in font nullfont!

! LaTeX Error: Unicode character ·ªô (U+1ED9)
               not set up for use with LaTeX.

See the LaTeX manual or LaTeX Companion for explanation.
Type  H <return>  for immediate help.
 ...                                              
                                                  
l.28 	M·ªô
          t h√†nh kh√°ch ng·ªìi trong xe A, nh√¨n qua c·ª≠a s·ªï th·∫•y xe B...

You may provide a definition with
\DeclareUnicodeCharacter 

Missing character: There is no t in font nullfont!
Missing character: There is no h in font nullfont!
Missing character: There is no n in font nullfont!
Missing character: There is no h in font nullfont!
Missing character: There is no k in font nullfont!
Missing character: There is no h in font nullfont!
Missing character: There is no c in font nullfont!
Missing character: There is no h in font nullfont!
Missing character: There is no n in font nullfont!
Missing character: There is no g in font nullfont!

! LaTeX Error: Unicode character ·ªì (U+1ED3)
               not set up for use with LaTeX.

See the LaTeX manual or LaTeX Companion for explanation.
Type  H <return>  for immediate help.
 ...                                              
                                                  
l.28 	M·ªôt h√†nh kh√°ch ng·ªì
                              i trong xe A, nh√¨n qua c·ª≠a s·ªï th·∫•y xe B...

You may provide a definition with
\DeclareUnicodeCharacter 

Missing character: There is no i in font nullfont!
Missing character: There is no t in font nullfont!
Missing character: There is no r in font nullfont!
Missing character: There is no o in font nullfont!
Missing character: There is no n in font nullfont!
Missing character: There is no g in font nullfont!
Missing character: There is no x in font nullfont!
Missing character: There is no e in font nullfont!
Missing character: There is no A in font nullfont!
Missing character: There is no , in font nullfont!
Missing character: There is no n in font nullfont!
Missing character: There is no h in font nullfont!
Missing character: There is no n in font nullfont!
Missing character: There is no q in font nullfont!
Missing character: There is no u in font nullfont!
Missing character: There is no a in font nullfont!
Missing character: There is no c in font nullfont!

! LaTeX Error: Unicode character ·ª≠ (U+1EED)
               not set up for use with LaTeX.

See the LaTeX manual or LaTeX Companion for explanation.
Type  H <return>  for immediate help.
 ...                                              
                                                  
l.28 ...h kh√°ch ng·ªìi trong xe A, nh√¨n qua c·ª≠
                                                  a s·ªï th·∫•y xe B b√™n c·...

You may provide a definition with
\DeclareUnicodeCharacter 

Missing character: There is no a in font nullfont!
Missing character: There is no s in font nullfont!

! LaTeX Error: Unicode character ·ªï (U+1ED5)
               not set up for use with LaTeX.

See the LaTeX manual or LaTeX Companion for explanation.
Type  H <return>  for immediate help.
 ...                                              
                                                  
l.28 ...ch ng·ªìi trong xe A, nh√¨n qua c·ª≠a s·ªï
                                                   th·∫•y xe B b√™n c·∫°nh v...

You may provide a definition with
\DeclareUnicodeCharacter 

Missing character: There is no t in font nullfont!
Missing character: There is no h in font nullfont!

! LaTeX Error: Unicode character ·∫• (U+1EA5)
               not set up for use with LaTeX.

See the LaTeX manual or LaTeX Companion for explanation.
Type  H <return>  for immediate help.
 ...                                              
                                                  
l.28 ...ªìi trong xe A, nh√¨n qua c·ª≠a s·ªï th·∫•
                                                  y xe B b√™n c·∫°nh v√† s√¢...

You may provide a definition with
\DeclareUnicodeCharacter 

Missing character: There is no y in font nullfont!
Missing character: There is no x in font nullfont!
Missing character: There is no e in font nullfont!
Missing character: There is no B in font nullfont!
Missing character: There is no b in font nullfont!
Missing character: There is no n in font nullfont!
Missing character: There is no c in font nullfont!

! LaTeX Error: Unicode character ·∫° (U+1EA1)
               not set up for use with LaTeX.

See the LaTeX manual or LaTeX Companion for explanation.
Type  H <return>  for immediate help.
 ...                                              
                                                  
l.28 ...nh√¨n qua c·ª≠a s·ªï th·∫•y xe B b√™n c·∫°
                                                  nh v√† s√¢n ga ƒë·ªÅu chuy...

You may provide a definition with
\DeclareUnicodeCharacter 

Missing character: There is no n in font nullfont!
Missing character: There is no h in font nullfont!
Missing character: There is no v in font nullfont!
Missing character: There is no s in font nullfont!
Missing character: There is no n in font nullfont!
Missing character: There is no g in font nullfont!
Missing character: There is no a in font nullfont!

! LaTeX Error: Command \dj unavailable in encoding .

See the LaTeX manual or LaTeX Companion for explanation.
Type  H <return>  for immediate help.
 ...                                              
                                                  
l.28 ...·ªï th·∫•y xe B b√™n c·∫°nh v√† s√¢n ga ƒë
                                                  ·ªÅu chuy·ªÉn ƒë·ªông nh∆∞...

Your command was ignored.
Type  I <command> <return>  to replace it with another command,
or  <return>  to continue without it.


! LaTeX Error: Unicode character ·ªÅ (U+1EC1)
               not set up for use with LaTeX.

See the LaTeX manual or LaTeX Companion for explanation.
Type  H <return>  for immediate help.
 ...                                              
                                                  
l.28 ... th·∫•y xe B b√™n c·∫°nh v√† s√¢n ga ƒë·ªÅ
                                                  u chuy·ªÉn ƒë·ªông nh∆∞ nh...

You may provide a definition with
\DeclareUnicodeCharacter 

Missing character: There is no u in font nullfont!
Missing character: There is no c in font nullfont!
Missing character: There is no h in font nullfont!
Missing character: There is no u in font nullfont!
Missing character: There is no y in font nullfont!

! LaTeX Error: Unicode character ·ªÉ (U+1EC3)
               not set up for use with LaTeX.

See the LaTeX manual or LaTeX Companion for explanation.
Type  H <return>  for immediate help.
 ...                                              
                                                  
l.28 ...e B b√™n c·∫°nh v√† s√¢n ga ƒë·ªÅu chuy·ªÉ
                                                  n ƒë·ªông nh∆∞ nhau. Nh∆∞ ...

You may provide a definition with
\DeclareUnicodeCharacter 

Missing character: There is no n in font nullfont!

! LaTeX Error: Command \dj unavailable in encoding .

See the LaTeX manual or LaTeX Companion for explanation.
Type  H <return>  for immediate help.
 ...                                              
                                                  
l.28 ...b√™n c·∫°nh v√† s√¢n ga ƒë·ªÅu chuy·ªÉn ƒë
                                                  ·ªông nh∆∞ nhau. Nh∆∞ v·∫≠y
Your command was ignored.
Type  I <command> <return>  to replace it with another command,
or  <return>  to continue without it.


! LaTeX Error: Unicode character ·ªô (U+1ED9)
               not set up for use with LaTeX.

See the LaTeX manual or LaTeX Companion for explanation.
Type  H <return>  for immediate help.
 ...                                              
                                                  
l.28 ...n c·∫°nh v√† s√¢n ga ƒë·ªÅu chuy·ªÉn ƒë·ªô
                                                  ng nh∆∞ nhau. Nh∆∞ v·∫≠y
You may provide a definition with
\DeclareUnicodeCharacter 

Missing character: There is no n in font nullfont!
Missing character: There is no g in font nullfont!
Missing character: There is no n in font nullfont!
Missing character: There is no h in font nullfont!

! LaTeX Error: Unicode character ∆∞ (U+01B0)
               not set up for use with LaTeX.

See the LaTeX manual or LaTeX Companion for explanation.
Type  H <return>  for immediate help.
 ...                                              
                                                  
l.28 ...h v√† s√¢n ga ƒë·ªÅu chuy·ªÉn ƒë·ªông nh∆∞
                                                   nhau. Nh∆∞ v·∫≠y
You may provide a definition with
\DeclareUnicodeCharacter 

Missing character: There is no n in font nullfont!
Missing character: There is no h in font nullfont!
Missing character: There is no a in font nullfont!
Missing character: There is no u in font nullfont!
Missing character: There is no . in font nullfont!
Missing character: There is no N in font nullfont!
Missing character: There is no h in font nullfont!

! LaTeX Error: Unicode character ∆∞ (U+01B0)
               not set up for use with LaTeX.

See the LaTeX manual or LaTeX Companion for explanation.
Type  H <return>  for immediate help.
 ...                                              
                                                  
l.28 ...ga ƒë·ªÅu chuy·ªÉn ƒë·ªông nh∆∞ nhau. Nh∆∞
                                                   v·∫≠y
You may provide a definition with
\DeclareUnicodeCharacter 

Missing character: There is no v in font nullfont!

! LaTeX Error: Unicode character ·∫≠ (U+1EAD)
               not set up for use with LaTeX.

See the LaTeX manual or LaTeX Companion for explanation.
Type  H <return>  for immediate help.
 ...                                              
                                                  
l.28 ...·ªÅu chuy·ªÉn ƒë·ªông nh∆∞ nhau. Nh∆∞ v·∫≠
                                                  y
You may provide a definition with
\DeclareUnicodeCharacter 

Missing character: There is no y in font nullfont!
! Undefined control sequence.
l.29 	\choice
             
The control sequence at the end of the top line
of your error message was never \def'ed. If you have
misspelled it (e.g., `\hobx'), type `I' and the correct
spelling (e.g., `I\hbox'). Otherwise just continue,
and I'll forget about whatever was undefined.

Missing character: There is no x in font nullfont!
Missing character: There is no e in font nullfont!
Missing character: There is no A in font nullfont!

! LaTeX Error: Command \dj unavailable in encoding .

See the LaTeX manual or LaTeX Companion for explanation.
Type  H <return>  for immediate help.
 ...                                              
                                                  
l.30 	{xe A ƒë
              ·ª©ng y√™n, xe B chuy·ªÉn ƒë·ªông}
Your command was ignored.
Type  I <command> <return>  to replace it with another command,
or  <return>  to continue without it.


! LaTeX Error: Unicode character ·ª© (U+1EE9)
               not set up for use with LaTeX.

See the LaTeX manual or LaTeX Companion for explanation.
Type  H <return>  for immediate help.
 ...                                              
                                                  
l.30 	{xe A ƒë·ª©
                 ng y√™n, xe B chuy·ªÉn ƒë·ªông}
(That makes 100 errors; please try again.) 
Here is how much of TeX's memory you used:
 80 strings out of 474116
 1087 string characters out of 5747718
 1927190 words of memory out of 5000000
 22538 multiletter control sequences out of 15000+600000
 558377 words of font info for 37 fonts, out of 8000000 for 9000
 1141 hyphenation exceptions out of 8191
 23i,3n,32p,306b,127s stack positions out of 10000i,1000n,20000p,200000b,200000s

!  ==> Fatal error occurred, no output PDF file produced!
